nohup: ignoring input
Wed Aug 24 09:38:35 2022


bikuaibao_newsflash


coindesk_news


jinse_news


jinse_newsflash


cointelegraph_news
cointelegraph--2022-08-24 09:38--2022-08-24 09:38-- Dreams Quest releases its immersive lore and story on Fandom 
cointelegraph dowload error: list index out of range


chaindd_newsflash
链得得--2022-08-24 09:38--2022-08-24 09:38--Cardano创始人声援被捕Tornado Cash开发者：编写代码只是表达方式，就像写书
链得得--2022-08-24 09:38--2022-08-24 09:38--Orange DAO筹集8000万美元资金，以支持加密初创公司
链得得--2022-08-24 09:38--2022-08-24 09:38--澳大利亚开始对加密货币资产进行审查，以更好了解和监管加密行业
链得得--2022-08-24 09:38--2022-08-24 09:38--PayPal加入TRUST旅行规则解决方案
链得得--2022-08-24 09:38--2022-08-24 09:38--外媒：BendDAO或因联级清算导致BAYC地板价下跌，新提案或存风险
链得得--2022-08-24 09:38--2022-08-24 09:38--Palumbo：美联储料将“略微转向鹰派”
更新了：6


cryptopotato_news
bikuaibao--2022-08-24 09:38--2022-08-24 09:38--Newly-Launched Blockchain Forum Aims to Make India Global Hub of Web 3
bikuaibao--2022-08-24 09:38--2022-08-24 09:38--Nike Generated Over $185M in NFT Sales – Gucci, Adidas Trails Behind: Data
bikuaibao--2022-08-24 09:38--2022-08-24 09:38--Betting Against CNBC’s Jim Cramer Helps Crypto Trader Book Profits
bikuaibao--2022-08-24 09:38--2022-08-24 09:38--Hodlnaut Reveals Engaging in Two Sets of Legal Proceedings
bikuaibao--2022-08-24 09:38--2022-08-24 09:38--Coinbase Slapped With Another Lawsuit for Crashing During Market Volatility
bikuaibao--2022-08-24 09:38--2022-08-24 09:38--How a Hacker Lost His ETH While Attacking Rainbow Bridge
bikuaibao--2022-08-24 09:39--2022-08-24 09:39--NFT Platform SudoRare Rug Pulled for $850K Hours After Launching
bikuaibao--2022-08-24 09:39--2022-08-24 09:39--Argentina Presidential Candidate Sued for Promoting a Crypto Ponzi Scheme
bikuaibao--2022-08-24 09:39--2022-08-24 09:39--Bitcoin Trading Doubled on DBS After the June Crash
bikuaibao--2022-08-24 09:39--2022-08-24 09:39--This Indicator Suggests There Might Be More Pain to Come for Bitcoin
bikuaibao--2022-08-24 09:39--2022-08-24 09:39--Phemex: The One-Stop Crypto Solution
bikuaibao--2022-08-24 09:39--2022-08-24 09:39--Scaramucci Predicts When Bitcoin Will Become a Hedge Against Inflation
bikuaibao--2022-08-24 09:39--2022-08-24 09:39--OpenSea’s Former Head of Product Files Motion to Drop Insider Trading Charges
bikuaibao--2022-08-24 09:39--2022-08-24 09:39--CryptoCom Announces “Nine-Figure Investment” To Overhaul its Stadium
bikuaibao--2022-08-24 09:39--2022-08-24 09:39--Invesco Introduces a Metaverse-Oriented Investment Fund: Report
bikuaibao--2022-08-24 09:39--2022-08-24 09:39--South Korean Finance Ministry Says Airdrops Are Subject to Gift Tax
bikuaibao--2022-08-24 09:39--2022-08-24 09:39--BendDAO in Trouble, Ethereum Reserves Drained
bikuaibao--2022-08-24 09:39--2022-08-24 09:39--Crypto Security and Auditing Firms are Thriving During the Bear Market
bikuaibao--2022-08-24 09:39--2022-08-24 09:39--31% of Cardano SPO Nodes Have Upgraded to v1.35.3
bikuaibao--2022-08-24 09:39--2022-08-24 09:39--Samsung, Among Others, to Launch Crypto Exchanges in 2023: Report
bikuaibao--2022-08-24 09:39--2022-08-24 09:39--Ethereum 2.0 Client Teku Releases New Version for Merge
bikuaibao--2022-08-24 09:39--2022-08-24 09:39--BAYC Floor Price Crashes to 67 ETH, Lowest in 8 Months
bikuaibao--2022-08-24 09:39--2022-08-24 09:39--Phemex: The One-Stop Crypto Solution
标题已经有了！
标题已经有了！
更新了：23


babite_newsflash
8比特快讯，使用当前时间，因为： find() takes no keyword arguments
bikuaibao--2022-08-24 09:39--2022-08-24 09:39:33--北京市通州区印发《北京城市副中心元宇宙创新发展行动计划》
8比特快讯，使用当前时间，因为： find() takes no keyword arguments
bikuaibao--2022-08-24 09:39--2022-08-24 09:39:34--苏富比聘请 NFT 艺术收藏家 Brian Beccafico 加入其数字艺术团队
8比特快讯，使用当前时间，因为： find() takes no keyword arguments
bikuaibao--2022-08-24 09:39--2022-08-24 09:39:36--DAO 基础设施提供商 Mural 完成 560 万美元融资，DCG 等参投
8比特快讯，使用当前时间，因为： find() takes no keyword arguments
bikuaibao--2022-08-24 09:39--2022-08-24 09:39:37--元宇宙平台 Inworld AI 完成 5000 万美元融资，Intel Capital 与 Section 32 领投
8比特快讯，使用当前时间，因为： find() takes no keyword arguments
bikuaibao--2022-08-24 09:39--2022-08-24 09:39:39--元宇宙 Avatar 平台 Ready Player Me 完成 5600 万美元 B 轮融资，a16z 领投
8比特快讯，使用当前时间，因为： find() takes no keyword arguments
bikuaibao--2022-08-24 09:39--2022-08-24 09:39:40--去中心化社交 ID 平台 Quivr 完成 355 万美元种子轮融资
8比特快讯，使用当前时间，因为： find() takes no keyword arguments
bikuaibao--2022-08-24 09:39--2022-08-24 09:39:41--Web3 媒体初创公司 Avium 完成 200 万美元 pre-seed 轮融资，Saison Capital 领投
8比特快讯，使用当前时间，因为： find() takes no keyword arguments
bikuaibao--2022-08-24 09:39--2022-08-24 09:39:43--横琴发布“稳经济 30 条”：培育发展元宇宙等新业态
8比特快讯，使用当前时间，因为： find() takes no keyword arguments
bikuaibao--2022-08-24 09:39--2022-08-24 09:39:44--美国歌手 Miley Cyrus 提交虚拟货币和元宇宙相关商标申请
8比特快讯，使用当前时间，因为： find() takes no keyword arguments
bikuaibao--2022-08-24 09:39--2022-08-24 09:39:46--扎克伯格：将对 Horizon Worlds 和化身图形进行重大更新
8比特快讯，使用当前时间，因为： find() takes no keyword arguments
bikuaibao--2022-08-24 09:39--2022-08-24 09:39:47--PokeMonFi 基于“宝可梦”IP 打造 P2E 全新链游
8比特快讯，使用当前时间，因为： find() takes no keyword arguments
bikuaibao--2022-08-24 09:39--2022-08-24 09:39:49--三星在《堡垒之夜》虚拟世界中推出游戏挑战 Smart City
8比特快讯，使用当前时间，因为： find() takes no keyword arguments
bikuaibao--2022-08-24 09:39--2022-08-24 09:39:50--资产管理公司 Invesco 推出元宇宙股票投资基金
8比特快讯，使用当前时间，因为： find() takes no keyword arguments
bikuaibao--2022-08-24 09:39--2022-08-24 09:39:52--美联储主席鲍威尔将在杰克逊霍尔年会上发布有关经济前景的讲话
8比特快讯，使用当前时间，因为： find() takes no keyword arguments
bikuaibao--2022-08-24 09:39--2022-08-24 09:39:54--报告：全球 NFT 交易数量到 2027 年将达到 4000 万笔
8比特快讯，使用当前时间，因为： find() takes no keyword arguments
bikuaibao--2022-08-24 09:39--2022-08-24 09:39:55--“元宇宙与虚实交互联合研究院”在上海正式成立
8比特快讯，使用当前时间，因为： find() takes no keyword arguments
bikuaibao--2022-08-24 09:39--2022-08-24 09:39:57--腾讯申请专利：可用区块链发布寻人启事
8比特快讯，使用当前时间，因为： find() takes no keyword arguments
bikuaibao--2022-08-24 09:39--2022-08-24 09:39:58--元宇宙机构 INDEX GAME 完成 170 万美元融资，The Sandbox 投资
更新了：18


babite_news
8比特新闻，使用当前时间，因为： find() takes no keyword arguments
bikuaibao--2022-08-24 09:40--2022-08-24 09:40:14--官宣！「无界XYZ」首场线下沙龙来啦！
8比特新闻，使用当前时间，因为： find() takes no keyword arguments
bikuaibao--2022-08-24 09:40--2022-08-24 09:40:15--巴比特 | 元宇宙每日必读：第一波元宇宙公司发不出工资了，曾自称要做“元宇宙时代的微软”，出货量仅次于Meta
8比特新闻，使用当前时间，因为： find() takes no keyword arguments
bikuaibao--2022-08-24 09:40--2022-08-24 09:40:17--NFT的下一个叙事：动态NFT
8比特新闻，使用当前时间，因为： find() takes no keyword arguments
bikuaibao--2022-08-24 09:40--2022-08-24 09:40:18--观点：Web3 正在使 Facebook 和 Twitter 变得过时
8比特新闻，使用当前时间，因为： find() takes no keyword arguments
bikuaibao--2022-08-24 09:40--2022-08-24 09:40:20--AAA Gamfi：NFT 链游的总潜在市场有多大？
8比特新闻，使用当前时间，因为： find() takes no keyword arguments
bikuaibao--2022-08-24 09:40--2022-08-24 09:40:21--Yuga Labs 的 IP 帝国： 近 80 个品牌、创作者、项目与艺术家
8比特新闻，使用当前时间，因为： find() takes no keyword arguments
bikuaibao--2022-08-24 09:40--2022-08-24 09:40:23--烧了100亿的Meta元宇宙，水平就这？小扎：借钱也要继续搞
8比特新闻，使用当前时间，因为： find() takes no keyword arguments
bikuaibao--2022-08-24 09:40--2022-08-24 09:40:24--prompt攻防战！哥伦比亚大学提出BPE造词法，可绕过审核机制，DALL-E 2已中招
8比特新闻，使用当前时间，因为： find() takes no keyword arguments
bikuaibao--2022-08-24 09:40--2022-08-24 09:40:26--第一波元宇宙公司发不出工资了
8比特新闻，使用当前时间，因为： find() takes no keyword arguments
bikuaibao--2022-08-24 09:40--2022-08-24 09:40:27--专访清华大学教授沈阳：虚拟数字人是元宇宙的主体，核心是人工智能
8比特新闻，使用当前时间，因为： find() takes no keyword arguments
bikuaibao--2022-08-24 09:40--2022-08-24 09:40:29--站台过后一地鸡毛，名人背书的NFT还能不能买？
8比特新闻，使用当前时间，因为： find() takes no keyword arguments
bikuaibao--2022-08-24 09:40--2022-08-24 09:40:30--元宇宙自拍秀太丑遭群嘲，小扎更新照片解释：之前是随手一拍
8比特新闻，使用当前时间，因为： find() takes no keyword arguments
bikuaibao--2022-08-24 09:40--2022-08-24 09:40:32--买猴有风险！李宁、绿地、倍轻松等高价入手无聊猿后浮亏80%
8比特新闻，使用当前时间，因为： find() takes no keyword arguments
bikuaibao--2022-08-24 09:40--2022-08-24 09:40:33--巴比特 | 元宇宙每日必读：对于创作者来说，数字藏品还能怎么玩？除了投资之外，用户还会为此买单吗？
8比特新闻，使用当前时间，因为： find() takes no keyword arguments
bikuaibao--2022-08-24 09:40--2022-08-24 09:40:35--鲸探不是数藏发行平台？是支付宝的“兴趣社交”核武器
8比特新闻，使用当前时间，因为： find() takes no keyword arguments
bikuaibao--2022-08-24 09:40--2022-08-24 09:40:36--分析丨针对关停的数字藏品平台，藏友们有哪些维权途径
8比特新闻下载时出现问题： (1366, "Incorrect string value: '\\xF0\\x9D\\x99\\xA9\\xF0\\x9D...' for column `myspace_dev`.`news`.`body` at row 1")


bikuaibao_news
bikuaibao--2022-08-24 09:40--2022-08-23 21:40--NFT的下一个叙事：动态NFT
bikuaibao--2022-08-24 09:40--2022-08-23 19:40--AAAGamfi：NFT链游的总潜在市场有多大？
bikuaibao--2022-08-24 09:40--2022-08-23 19:40--BendDAO资不抵债NFT终于也要迎来次贷危机了吗？
bikuaibao--2022-08-24 09:40--2022-08-23 17:40--Yuga Labs 的 IP 帝国： 近 80 个品牌、创作者、项目与艺术家
bikuaibao--2022-08-24 09:40--2022-08-23 17:40--第一波元宇宙公司发不出工资了
bikuaibao--2022-08-24 09:40--2022-08-23 16:40--NFT或将彻底改变音乐产业
bikuaibao--2022-08-24 09:40--2022-08-23 16:40--链的解构主义：一览 9 大模块化公链
bikuaibao--2022-08-24 09:40--2022-08-23 14:40--NFT迎来“停运潮” 藏品回购涉嫌非吸？
bikuaibao--2022-08-24 09:40--2022-08-23 13:40--元宇宙自拍秀太丑遭群嘲，小扎更新照片解释：之前是随手一拍
bikuaibao--2022-08-24 09:40--2022-08-23 13:40--游戏经济思考：加密游戏是否真的需要加密货币？
bikuaibao--2022-08-24 09:41--2022-08-23 13:41--买猴有风险！李宁、绿地、倍轻松等高价入手无聊猿后浮亏80%
bikuaibao--2022-08-24 09:41--2022-08-23 11:41--站台涉骗NFT 名人背书的NFT还能买吗？
bikuaibao--2022-08-24 09:41--2022-08-23 11:41--分析丨针对关停的数字藏品平台，藏友们有哪些维权途径
bikuaibao--2022-08-24 09:41--2022-08-23 11:41--鲸探不是数藏发行平台？是支付宝的“兴趣社交”核武器
bikuaibao--2022-08-24 09:41--2022-08-23 10:41--【今日币快报】横琴发布“稳经济30条”：培育发展元宇宙等新业态
bikuaibao--2022-08-24 09:41--2022-08-23 10:41--一位Crypto vc的独白：近一年主流核心赛道的演变趋势
bikuaibao--2022-08-24 09:41--2022-08-23 10:41--DeFi项目监管“吹哨人”?一文读懂区块链情报分析公司TRM Labs
Other cases!
bikuaibao--2022-08-24 09:41--2022-08-24 09:41--以太坊PoS攻击与防御
Other cases!
bikuaibao--2022-08-24 09:41--2022-08-24 09:41--一文解析推特上最常见的加密骗局
更新了：19


thebitcoinnews_news
bikuaibao--2022-08-24 09:41--2022-08-24 09:41--The X.LA Metaverse Revealed In Detail
更新了：1
Wed Aug 24 10:56:22 2022


bikuaibao_newsflash
bikuaibao--2022-08-24 10:56--2022-08-24 10:27--苏富比拍卖行聘请NFT艺术收藏家加入其数字艺术团队
bikuaibao--2022-08-24 10:56--2022-08-24 10:27--Coinbase CEO：公司正在考虑削减成本，并积极与监管机构合作
bikuaibao--2022-08-24 10:56--2022-08-24 10:26--拉丁美洲数字支付公司Ripio在巴西推出预付加密卡
bikuaibao--2022-08-24 10:56--2022-08-24 10:26--Bitfinex洗钱丑闻的Heather Morgan宣称没有参与任何加密项目
bikuaibao--2022-08-24 10:56--2022-08-24 10:26--Oanda分析师：加密货币的冬天可能结束
bikuaibao--2022-08-24 10:56--2022-08-24 10:25--游戏平台GameSwift与Polygon合作构建“去中心化版Steam”链游工具
bikuaibao--2022-08-24 10:56--2022-08-24 10:25--传约翰·迈克菲伪造死亡且居住在美国
bikuaibao--2022-08-24 10:56--2022-08-24 10:25--bitFlyer：将密切关注每一个以太坊工作量证明硬分叉
bikuaibao--2022-08-24 10:56--2022-08-24 10:24--新加坡警方已对Hodlnaut发出1.27亿美元资金转移令
bikuaibao--2022-08-24 10:56--2022-08-24 10:24--韩国券商回应：有关“设立加密资产交易所”的报道不实
bikuaibao--2022-08-24 10:56--2022-08-24 10:24--北京副中心元宇宙行动计划发布，首提跟踪NFT、聚焦数字藏品等举措
bikuaibao--2022-08-24 10:56--2022-08-24 10:24--币安和万事达在阿根廷推出预付卡，以连接加密货币和日常购物
bikuaibao--2022-08-24 10:56--2022-08-24 10:23--一组基于 Solana 的协议联手推出跨链消息传递组织Open Chat Alliance，推动通过开源标准简化加密通信
bikuaibao--2022-08-24 10:56--2022-08-24 10:23--美国司法部指控三人团伙诈骗银行和加密交易所，诈骗金额超400万美元
bikuaibao--2022-08-24 10:56--2022-08-24 10:21--币快报早自习：币安和万事达在阿根廷推出预付卡，以连接加密货币和日常购物
更新了：15


coindesk_news


jinse_news


jinse_newsflash


cointelegraph_news
cointelegraph--2022-08-24 10:56--2022-08-24 10:56-- Dreams Quest releases its immersive lore and story on Fandom 
cointelegraph dowload error: list index out of range


chaindd_newsflash


cryptopotato_news


babite_newsflash
8比特快讯，使用当前时间，因为： find() takes no keyword arguments
bikuaibao--2022-08-24 10:56--2022-08-24 10:56:49--Web3 电子竞技参与平台 Yesports 完成 380 万美元战略融资，Spartan Capital 领投
8比特快讯，使用当前时间，因为： find() takes no keyword arguments
bikuaibao--2022-08-24 10:56--2022-08-24 10:56:50--北京市通州区与市科委等联合印发《北京城市副中心元宇宙创新发展行动计划》
更新了：2


babite_news
8比特新闻，使用当前时间，因为： find() takes no keyword arguments
bikuaibao--2022-08-24 10:56--2022-08-24 10:56:54--北京市通州区印发《北京城市副中心元宇宙创新发展行动计划（2022-2024年）》
8比特新闻，使用当前时间，因为： find() takes no keyword arguments
bikuaibao--2022-08-24 10:56--2022-08-24 10:56:55--融资新闻 | 元宇宙 AI 平台 Inworld AI 完成 5000 万美元 A 轮融资，Intel Capital 与 Section 32 领投
8比特新闻，使用当前时间，因为： find() takes no keyword arguments
bikuaibao--2022-08-24 10:56--2022-08-24 10:56:57--融资新闻 | 元宇宙身份平台 Ready Player Me 完成 5600 万美元 B 轮融资，a16 z 领投
8比特新闻，使用当前时间，因为： find() takes no keyword arguments
bikuaibao--2022-08-24 10:56--2022-08-24 10:56:58--官宣！「无界XYZ」首场线下沙龙来啦！
8比特新闻，使用当前时间，因为： find() takes no keyword arguments
bikuaibao--2022-08-24 10:57--2022-08-24 10:57:00--巴比特 | 元宇宙每日必读：第一波元宇宙公司发不出工资了，曾自称要做“元宇宙时代的微软”，出货量仅次于Meta
8比特新闻，使用当前时间，因为： find() takes no keyword arguments
bikuaibao--2022-08-24 10:57--2022-08-24 10:57:01--观点：Web3 正在使 Facebook 和 Twitter 变得过时
8比特新闻，使用当前时间，因为： find() takes no keyword arguments
bikuaibao--2022-08-24 10:57--2022-08-24 10:57:03--AAA Gamfi：NFT 链游的总潜在市场有多大？
8比特新闻，使用当前时间，因为： find() takes no keyword arguments
bikuaibao--2022-08-24 10:57--2022-08-24 10:57:04--烧了100亿的Meta元宇宙，水平就这？小扎：借钱也要继续搞
8比特新闻，使用当前时间，因为： find() takes no keyword arguments
bikuaibao--2022-08-24 10:57--2022-08-24 10:57:06--prompt攻防战！哥伦比亚大学提出BPE造词法，可绕过审核机制，DALL-E 2已中招
8比特新闻，使用当前时间，因为： find() takes no keyword arguments
bikuaibao--2022-08-24 10:57--2022-08-24 10:57:07--专访清华大学教授沈阳：虚拟数字人是元宇宙的主体，核心是人工智能
8比特新闻，使用当前时间，因为： find() takes no keyword arguments
bikuaibao--2022-08-24 10:57--2022-08-24 10:57:09--站台过后一地鸡毛，名人背书的NFT还能不能买？
更新了：11


bikuaibao_news
bikuaibao--2022-08-24 10:57--2022-08-24 10:30--【今日币快报】三菱日联：基本面仍支撑美元走强
bikuaibao--2022-08-24 10:57--2022-08-24 10:19--解析 DAO 效率低下的原因及待考虑因素
bikuaibao--2022-08-24 10:57--2022-08-24 10:19--NFT 市场冷却 NFTFi 玩不转了
更新了：3


thebitcoinnews_news
Wed Aug 24 12:03:54 2022


bikuaibao_newsflash
bikuaibao--2022-08-24 12:03--2022-08-24 11:34--Shinobi Protocol公布Token分配计划，空投包含Beta测试人员
bikuaibao--2022-08-24 12:03--2022-08-24 11:34--上半年元宇宙应用共营收6.5亿美元，游戏占比超90%
bikuaibao--2022-08-24 12:03--2022-08-24 11:34--Nomad宣布向偿还资金的白帽黑客奖励NFT
更新了：3


coindesk_news


jinse_news


jinse_newsflash


cointelegraph_news
cointelegraph--2022-08-24 12:04--2022-08-24 12:04-- Dreams Quest releases its immersive lore and story on Fandom 
cointelegraph dowload error: list index out of range


chaindd_newsflash


cryptopotato_news


babite_newsflash
8比特快讯，使用当前时间，因为： find() takes no keyword arguments
bikuaibao--2022-08-24 12:04--2022-08-24 12:04:18--数据：2022 年上半年元宇宙游戏下载量已突破 1.1 亿，元宇宙应用共营收 6.5 亿美元
更新了：1


babite_news
8比特新闻，使用当前时间，因为： find() takes no keyword arguments
bikuaibao--2022-08-24 12:04--2022-08-24 12:04:21--全国首个元宇宙开放创新试验区来了！横琴将打造元宇宙超级试验场
更新了：1


bikuaibao_news
bikuaibao--2022-08-24 12:04--2022-08-24 11:25--如何拿到 Web3 世界的天使投资？
更新了：1


thebitcoinnews_news
Wed Aug 24 13:16:54 2022


bikuaibao_newsflash


coindesk_news


jinse_news


jinse_newsflash


cointelegraph_news
cointelegraph--2022-08-24 13:17--2022-08-24 13:17-- Dreams Quest releases its immersive lore and story on Fandom 
cointelegraph dowload error: list index out of range


chaindd_newsflash


cryptopotato_news


babite_newsflash


babite_news
8比特新闻，使用当前时间，因为： find() takes no keyword arguments
bikuaibao--2022-08-24 13:17--2022-08-24 13:17:10--踏入元宇宙的建筑世界：从虚拟城市到建筑重建
更新了：1


bikuaibao_news


thebitcoinnews_news
Wed Aug 24 14:37:02 2022


bikuaibao_newsflash
bikuaibao--2022-08-24 14:37--2022-08-24 14:28--菲律宾央行新批准两家数字银行，目前总计6家数字银行在该国运营
bikuaibao--2022-08-24 14:37--2022-08-24 14:28--印第安纳州司法部长：提醒公民警惕加密货币房地产诈骗
bikuaibao--2022-08-24 14:37--2022-08-24 14:28--BNB信标链主网将于9月2日进行Godel硬分叉升级，将删除DEX功能
bikuaibao--2022-08-24 14:37--2022-08-24 14:28--Tranglo使用Ripple支付解决方案以促进在阿联酋的支付
bikuaibao--2022-08-24 14:37--2022-08-24 13:37--Web3 安全生态基础设施 GoPlus Security 与 Dtools 达成战略合作
bikuaibao--2022-08-24 14:37--2022-08-24 13:37--市场消息：7月美国房产交易疲软，反之加密货币资产上升
bikuaibao--2022-08-24 14:37--2022-08-24 13:37--新加坡星展银行数字交易所6月份交易量是4月份的四倍
bikuaibao--2022-08-24 14:37--2022-08-24 13:37--币安：将支持Flow Network升级和硬分叉，网络升级将于24日15:00 (UTC)开始进行
bikuaibao--2022-08-24 14:37--2022-08-24 13:37--南非储备银行促进金融机构对数字资产的友好行为，致力于明确数字资产监管
bikuaibao--2022-08-24 14:37--2022-08-24 13:37--新加坡南洋理工大学被列为Algorand卓越中心，旨在加强区块链领域研究
bikuaibao--2022-08-24 14:37--2022-08-24 13:37--AltLayer将在其游戏专用执行层上托管黑暗森林，并举办黑暗森林社区轮次
bikuaibao--2022-08-24 14:37--2022-08-24 13:37--Flare发布改进提案FIP.01，优化生态的分配、通胀和激励池机制
更新了：12


coindesk_news


jinse_news


jinse_newsflash


cointelegraph_news
cointelegraph--2022-08-24 14:37--2022-08-24 14:37-- Dreams Quest releases its immersive lore and story on Fandom 
cointelegraph dowload error: list index out of range


chaindd_newsflash


cryptopotato_news
bikuaibao--2022-08-24 14:37--2022-08-24 14:37--Celsius Responds to KeyFi Lawsuit With One of its Own
更新了：1


babite_newsflash


babite_news
8比特新闻，使用当前时间，因为： find() takes no keyword arguments
bikuaibao--2022-08-24 14:37--2022-08-24 14:37:55--V神跟帖的“NFT隐私化提案”，会让黑客销赃更方便吗？
8比特新闻，使用当前时间，因为： find() takes no keyword arguments
bikuaibao--2022-08-24 14:37--2022-08-24 14:37:57--引领技术变革大潮？高盛将区块链技术用于交易
更新了：2


bikuaibao_news
bikuaibao--2022-08-24 14:38--2022-08-24 14:28--为什么说游戏产业将不可避免的采用NFT并进入加密领域？
bikuaibao--2022-08-24 14:38--2022-08-24 14:27--北京元宇宙“落户”通州 三年规划如何解读？
bikuaibao--2022-08-24 14:38--2022-08-24 14:32--Yuga Labs的IP帝国： 近80个品牌、创作者、项目与艺术家
bikuaibao--2022-08-24 14:38--2022-08-24 13:41--去中心化变革中 谁将掌握加密货币的控制权？
币快报下载时出现问题： (1366, "Incorrect string value: '\\xF0\\x9D\\x99\\xA9\\xF0\\x9D...' for column `myspace_dev`.`news`.`body` at row 1")


thebitcoinnews_news
Wed Aug 24 15:45:40 2022


bikuaibao_newsflash
bikuaibao--2022-08-24 15:45--2022-08-24 15:16--欧洲央行管委：将于2023年10月决定是否着手真正打造一个数字欧元
bikuaibao--2022-08-24 15:45--2022-08-24 15:16--Zcash创始人：在基础层构建端到端加密或更容易且有效确保隐私和抗审查性
bikuaibao--2022-08-24 15:45--2022-08-24 15:16--Coinbase：一用户因账户被黑向旧金山联邦法院提出集体诉讼
bikuaibao--2022-08-24 15:45--2022-08-24 15:16--调查：近一半的美国成年人表示他们的加密货币投资比预期的要差
bikuaibao--2022-08-24 15:45--2022-08-24 15:15--澳大利亚监管机构将特别关注加密投资诈骗
更新了：5


coindesk_news


jinse_news


jinse_newsflash


cointelegraph_news
cointelegraph--2022-08-24 15:48--2022-08-24 15:48-- Dreams Quest releases its immersive lore and story on Fandom 
cointelegraph dowload error: list index out of range


chaindd_newsflash


cryptopotato_news


babite_newsflash
8比特快讯，使用当前时间，因为： find() takes no keyword arguments
bikuaibao--2022-08-24 15:48--2022-08-24 15:48:17--欧洲央行管委：欧洲央行将于明年 10 月结束调查后决定是否建立数字欧元
更新了：1


babite_news
8比特新闻，使用当前时间，因为： find() takes no keyword arguments
bikuaibao--2022-08-24 15:48--2022-08-24 15:48:26--北京元宇宙“落户”通州，三年规划如何解读？
更新了：1


bikuaibao_news
bikuaibao--2022-08-24 15:48--2022-08-24 14:48--为什么说游戏产业将不可避免的采用NFT并进入加密领域？
bikuaibao--2022-08-24 15:48--2022-08-24 14:48--北京元宇宙“落户”通州 三年规划如何解读？
bikuaibao--2022-08-24 15:48--2022-08-24 14:48--Yuga Labs的IP帝国： 近80个品牌、创作者、项目与艺术家
bikuaibao--2022-08-24 15:48--2022-08-24 13:48--去中心化变革中 谁将掌握加密货币的控制权？
币快报下载时出现问题： (1366, "Incorrect string value: '\\xF0\\x9D\\x99\\xA9\\xF0\\x9D...' for column `myspace_dev`.`news`.`body` at row 1")


thebitcoinnews_news
